<?xml version="1.0" encoding="UTF-8"?>
<!-- Generated by org.testng.reporters.JUnitReportReporter -->
<testsuite hostname="DESKTOP-K57E8BB" failures="0" tests="1" name="com.autodeskcrm.contacttest.DeleteContactTest$deleteContact" time="67.500" errors="0" timestamp="3 Aug 2020 20:08:01 GMT">
  <testcase classname="com.autodeskcrm.contacttest.DeleteContactTest$deleteContact" name="createContactWithOrgtest" time="67.500"/>
</testsuite> <!-- com.autodeskcrm.contacttest.DeleteContactTest$deleteContact -->
