<?xml version="1.0" encoding="UTF-8"?>
<!-- Generated by org.testng.reporters.JUnitReportReporter -->
<testsuite hostname="DESKTOP-K57E8BB" failures="0" tests="1" name="com.autodeskcrm.genericutility.ExecuteSelectQuery" time="1.066" errors="0" timestamp="2 Aug 2020 14:00:39 GMT">
  <testcase classname="com.autodeskcrm.genericutility.ExecuteSelectQuery" name="createConatct" time="1.066"/>
</testsuite> <!-- com.autodeskcrm.genericutility.ExecuteSelectQuery -->
