<?xml version="1.0" encoding="UTF-8"?>
<!-- Generated by org.testng.reporters.JUnitReportReporter -->
<testsuite hostname="DESKTOP-K57E8BB" failures="0" tests="1" name="com.autodeskcrm.contacttest.ContactTest" time="0.019" errors="0" timestamp="1 Aug 2020 14:20:10 GMT">
  <testcase classname="com.autodeskcrm.contacttest.ContactTest" name="createContact" time="0.019"/>
</testsuite> <!-- com.autodeskcrm.contacttest.ContactTest -->
