<?xml version="1.0" encoding="UTF-8"?>
<!-- Generated by org.testng.reporters.JUnitReportReporter -->
<testsuite hostname="DESKTOP-K57E8BB" failures="0" tests="1" name="com.org.autodeskcrm.orgtest.DeleteOrganizationTest" time="52.154" errors="0" timestamp="3 Aug 2020 18:56:31 GMT">
  <testcase classname="com.org.autodeskcrm.orgtest.DeleteOrganizationTest" name="deleteOrgTest" time="52.154"/>
</testsuite> <!-- com.org.autodeskcrm.orgtest.DeleteOrganizationTest -->
