<?xml version="1.0" encoding="UTF-8"?>
<!-- Generated by org.testng.reporters.JUnitReportReporter -->
<testsuite hostname="DESKTOP-K57E8BB" failures="0" tests="1" name="com.autodeskcrm.contacttest.CreateContactsTest" time="28.800" errors="0" timestamp="1 Aug 2020 16:06:15 GMT">
  <testcase classname="com.autodeskcrm.contacttest.CreateContactsTest" name="createContacts" time="28.800"/>
</testsuite> <!-- com.autodeskcrm.contacttest.CreateContactsTest -->
