<?xml version="1.0" encoding="UTF-8"?>
<!-- Generated by org.testng.reporters.JUnitReportReporter -->
<testsuite hostname="DESKTOP-K57E8BB" failures="0" tests="1" name="com.autodeskcrm.contacttest.TestExcel" time="1.322" errors="0" timestamp="2 Aug 2020 13:48:24 GMT">
  <testcase classname="com.autodeskcrm.contacttest.TestExcel" name="excelTest" time="1.322"/>
</testsuite> <!-- com.autodeskcrm.contacttest.TestExcel -->
